[   10264ms] [ERROR] Failed to load resource: net::ERR_NETWORK_CHANGED @ https://www.mosokna.ru/_next/static/css/068ac8c089016b29.css:0
[   10264ms] [ERROR] Failed to load resource: net::ERR_NETWORK_CHANGED @ https://www.mosokna.ru/_next/static/css/4b295be08424c44d.css:0
[   10264ms] [ERROR] Failed to load resource: net::ERR_NETWORK_CHANGED @ https://www.mosokna.ru/_next/static/css/c8ae8ea8c878770a.css:0
[   10265ms] [ERROR] Failed to load resource: net::ERR_NETWORK_CHANGED @ https://www.mosokna.ru/_next/static/css/d510db8e3b1be378.css:0
[   10265ms] [ERROR] Failed to load resource: net::ERR_NETWORK_CHANGED @ https://www.mosokna.ru/_next/static/css/ed72388e9ffb0e08.css:0
[   10265ms] [ERROR] Failed to load resource: net::ERR_NETWORK_CHANGED @ https://www.mosokna.ru/_next/image?url=https%3A%2F%2Fapi.mosokna.ru%2Fupload%2Fiblock%2F0e5%2Fzjb2yvgvhqcnsc0rqp7ucqmyan19fl8w%2Fbg.png&w=1920&q=75:0
[   10265ms] [ERROR] Failed to load resource: net::ERR_NETWORK_CHANGED @ https://www.mosokna.ru/_next/static/css/c9fd9a8b262a8c03.css:0
[   10265ms] [ERROR] Failed to load resource: net::ERR_NETWORK_CHANGED @ https://www.mosokna.ru/_next/static/css/f1b3fefee8df8b7c.css:0
[   10265ms] [ERROR] Failed to load resource: net::ERR_NETWORK_CHANGED @ https://www.mosokna.ru/_next/static/chunks/webpack-3616bf5f6ae64c04.js:0
[   10265ms] [ERROR] Failed to load resource: net::ERR_NETWORK_CHANGED @ https://www.mosokna.ru/_next/static/chunks/4bd1b696-70766e75de8d31b9.js:0
[   10265ms] [ERROR] Failed to load resource: net::ERR_NETWORK_CHANGED @ https://www.mosokna.ru/_next/static/chunks/15964-b2d2b2e1ef2b00fe.js:0
[   10265ms] [ERROR] Failed to load resource: net::ERR_NETWORK_CHANGED @ https://www.mosokna.ru/_next/static/chunks/main-app-44dc14bfa6e7e59c.js:0
[   10265ms] [ERROR] Failed to load resource: net::ERR_NETWORK_CHANGED @ https://www.mosokna.ru/_next/static/chunks/75992-adec8af170b250e9.js:0
[   10265ms] [ERROR] Failed to load resource: net::ERR_NETWORK_CHANGED @ https://www.mosokna.ru/_next/static/chunks/24663-62f8d50a0cc96031.js:0
[   10265ms] [ERROR] Failed to load resource: net::ERR_NETWORK_CHANGED @ https://www.mosokna.ru/_next/static/chunks/14313-ef72a5413e76ad40.js:0
[   10265ms] [ERROR] Failed to load resource: net::ERR_NETWORK_CHANGED @ https://www.mosokna.ru/_next/static/chunks/19212-230967627760e609.js:0
[   10265ms] [ERROR] Failed to load resource: net::ERR_NETWORK_CHANGED @ https://www.mosokna.ru/_next/static/chunks/71107-96ce2a9774c22067.js:0
[   10265ms] [ERROR] Failed to load resource: net::ERR_NETWORK_CHANGED @ https://www.mosokna.ru/_next/static/chunks/26761-c013b9405e824c49.js:0
[   10265ms] [ERROR] Failed to load resource: net::ERR_NETWORK_CHANGED @ https://www.mosokna.ru/_next/static/chunks/17333-3fbfb584db51c187.js:0
[   10265ms] [ERROR] Failed to load resource: net::ERR_NETWORK_CHANGED @ https://www.mosokna.ru/_next/static/chunks/app/layout-e0a99261d3f9cbfd.js:0
[   10265ms] [ERROR] Failed to load resource: net::ERR_NETWORK_CHANGED @ https://www.mosokna.ru/_next/static/chunks/27677-8818c6b9870a0159.js:0
[   10265ms] [ERROR] Failed to load resource: net::ERR_NETWORK_CHANGED @ https://www.mosokna.ru/kalkulator:0
[   10266ms] [ERROR] Failed to load resource: net::ERR_NETWORK_CHANGED @ https://www.mosokna.ru/_next/static/css/1d57f805f1533553.css:0
[   10266ms] [ERROR] Failed to load resource: net::ERR_NETWORK_CHANGED @ https://www.mosokna.ru/_next/static/chunks/97469-8506c65b7a38a676.js:0
[   10266ms] [ERROR] Failed to load resource: net::ERR_NETWORK_CHANGED @ https://www.mosokna.ru/_next/static/chunks/66947-c51251049e6d365b.js:0
[   10266ms] [ERROR] Failed to load resource: net::ERR_NETWORK_CHANGED @ https://www.mosokna.ru/_next/static/chunks/13561-6b99e3d8e9f23ffa.js:0
[   10266ms] [ERROR] Failed to load resource: net::ERR_NETWORK_CHANGED @ https://www.mosokna.ru/_next/static/chunks/app/kalkulator/page-940f030fe2ae9a21.js:0
[   10266ms] [ERROR] Failed to load resource: net::ERR_NETWORK_CHANGED @ https://www.mosokna.ru/_next/static/css/c2b8650185837c0e.css:0
[   10266ms] [ERROR] Failed to load resource: net::ERR_NETWORK_CHANGED @ https://www.mosokna.ru/_next/static/css/8bfd3878c398e00a.css:0
[   10266ms] [ERROR] Failed to load resource: net::ERR_NETWORK_CHANGED @ https://www.mosokna.ru/_next/static/css/0e080dfda699eb60.css:0
[   10266ms] [ERROR] Failed to load resource: net::ERR_NETWORK_CHANGED @ https://www.mosokna.ru/_next/static/css/b9dce413a020b407.css:0
[   10266ms] [ERROR] Failed to load resource: net::ERR_NETWORK_CHANGED @ https://www.mosokna.ru/_next/static/css/d1d67e7637542cf8.css:0
[   10266ms] [ERROR] Failed to load resource: net::ERR_NETWORK_CHANGED @ https://www.mosokna.ru/_next/static/css/ca4bc2734ebdf44e.css:0
[   10266ms] [ERROR] Failed to load resource: net::ERR_NETWORK_CHANGED @ https://www.mosokna.ru/_next/static/css/133a821b0a6ac5db.css:0
[   10266ms] [ERROR] Failed to load resource: net::ERR_NETWORK_CHANGED @ https://www.mosokna.ru/_next/static/css/d459f0fb7c4a32f8.css:0
[   10266ms] [ERROR] Failed to load resource: net::ERR_NETWORK_CHANGED @ https://www.mosokna.ru/_next/static/css/61b3284c7d9e0db4.css:0
[   10267ms] [ERROR] Failed to load resource: net::ERR_NETWORK_CHANGED @ https://www.mosokna.ru/_next/static/css/b5e367bfa2f6d261.css:0
[   10267ms] [ERROR] Failed to load resource: net::ERR_NETWORK_CHANGED @ https://www.mosokna.ru/_next/static/css/4203a2c4278d8a5f.css:0
[   10267ms] [ERROR] Failed to load resource: net::ERR_NETWORK_CHANGED @ https://www.mosokna.ru/_next/static/css/12adb3e0fda56eef.css:0
[   10268ms] [ERROR] Failed to load resource: net::ERR_NETWORK_CHANGED @ https://www.mosokna.ru/_next/static/css/8bbf9c1e43646290.css:0
[   10268ms] [ERROR] Failed to load resource: net::ERR_NETWORK_CHANGED @ https://www.mosokna.ru/_next/static/css/96015c6437cea866.css:0
[   10268ms] [ERROR] Failed to load resource: net::ERR_NETWORK_CHANGED @ https://www.mosokna.ru/_next/static/css/f446f2497990ddea.css:0
[   10268ms] [ERROR] Failed to load resource: net::ERR_NETWORK_CHANGED @ https://www.mosokna.ru/_next/static/css/381133ae08c85280.css:0
[   10273ms] [ERROR] Failed to load resource: net::ERR_NETWORK_CHANGED @ https://www.mosokna.ru/_next/static/media/1d3aa5eab9efc95d-s.p.woff2:0
[   10273ms] [ERROR] Failed to load resource: net::ERR_NETWORK_CHANGED @ https://www.mosokna.ru/_next/static/media/6d48cff9de543c72-s.p.woff2:0
[   10273ms] [ERROR] Failed to load resource: net::ERR_NETWORK_CHANGED @ https://www.mosokna.ru/_next/static/media/3dfd3969a8a59a27-s.p.woff2:0
[   10273ms] [ERROR] Failed to load resource: net::ERR_NETWORK_CHANGED @ https://www.mosokna.ru/_next/static/media/967b24be59bde360-s.p.woff2:0
[   10273ms] [ERROR] Failed to load resource: net::ERR_NETWORK_CHANGED @ https://www.mosokna.ru/_next/static/media/97f1643cef86bec8-s.p.woff2:0
[   10273ms] [ERROR] Failed to load resource: net::ERR_NETWORK_CHANGED @ https://www.mosokna.ru/_next/static/media/a8de1c3d5c0e01e3-s.p.woff2:0
[   10273ms] [ERROR] Failed to load resource: net::ERR_NETWORK_CHANGED @ https://www.mosokna.ru/_next/static/media/d14e92c1735b7408-s.p.woff2:0
[   10273ms] [ERROR] Failed to load resource: net::ERR_NETWORK_CHANGED @ https://www.mosokna.ru/_next/static/media/e387eee5be790cc5-s.p.woff2:0
[   10273ms] [ERROR] Failed to load resource: net::ERR_NETWORK_CHANGED @ https://www.mosokna.ru/_next/static/media/f0063ff38a678e32-s.p.woff2:0
[   10273ms] [ERROR] Failed to load resource: net::ERR_NETWORK_CHANGED @ https://www.mosokna.ru/_next/static/media/c6be782bd9fa49b5-s.p.woff2:0
[   79432ms] [ERROR] Failed to load resource: net::ERR_NETWORK_CHANGED @ https://api.mosokna.ru/upload/iblock/bc3/iukx1e2kojq1c9x7jjyjrzsyq8dxd5vt.svg:0
[   79432ms] [ERROR] Failed to load resource: net::ERR_NETWORK_CHANGED @ https://api.mosokna.ru/upload/iblock/39f/j07cqn52ft00dc0k1a5k3wkkuf1552i5.svg:0
[   79432ms] [ERROR] Failed to load resource: net::ERR_NETWORK_CHANGED @ https://api.mosokna.ru/upload/iblock/6e5/slr7ql2penltdw6tmbyb52753n303bk5.svg:0
[   79432ms] [ERROR] Failed to load resource: net::ERR_NETWORK_CHANGED @ https://api.mosokna.ru/upload/iblock/dfa/l9e1uiql6aid5pgakx4rag58shpjcdj5.svg:0
[   79432ms] [ERROR] Failed to load resource: net::ERR_NETWORK_CHANGED @ https://api.mosokna.ru/upload/iblock/684/n100dw8icjkemxa2f9deup8ig1nly7t1.svg:0
[   79432ms] [ERROR] Failed to load resource: net::ERR_NETWORK_CHANGED @ https://api.mosokna.ru/upload/iblock/598/lgbsgmiq4jvjcd3da0bpshn7qge5uk9n.svg:0
[   79433ms] [ERROR] Failed to load resource: net::ERR_NETWORK_CHANGED @ https://api.mosokna.ru/upload/iblock/74e/1oj1q56bq9drsvojdojolarkuftz6hcp.svg:0
[   79433ms] [ERROR] Failed to load resource: net::ERR_NETWORK_CHANGED @ https://api.mosokna.ru/upload/iblock/a5c/db80hiw0zseuldytsjcmtfzzxhx2gd1l.svg:0
[   79437ms] [ERROR] Failed to load resource: net::ERR_NETWORK_CHANGED @ https://api.mosokna.ru/upload/iblock/5cd/zf00qhdbz7u9pxy3qvwlm84m6xtwk4mq.svg:0
[   79437ms] [ERROR] Failed to load resource: net::ERR_NETWORK_CHANGED @ https://api.mosokna.ru/upload/iblock/5b2/9dnrcul5jz9l11ob9zea7y4cnpc12wp5.svg:0
[   79437ms] [ERROR] Failed to load resource: net::ERR_NETWORK_CHANGED @ https://api.mosokna.ru/upload/iblock/a41/anz4kx81zbw5j7cdry9aro1mm11yo719.svg:0
[   79437ms] [ERROR] Failed to load resource: net::ERR_NETWORK_CHANGED @ https://api.mosokna.ru/upload/iblock/95e/9akb8j0rlnfnbigwwf95quesvlknjpi1.svg:0
[   79437ms] [ERROR] Failed to load resource: net::ERR_NETWORK_CHANGED @ https://api.mosokna.ru/upload/iblock/0ce/9ll1wwnptd06inu73lf9y9ztkpt7edhg.svg:0
[   79437ms] [ERROR] Failed to load resource: net::ERR_NETWORK_CHANGED @ https://api.mosokna.ru/upload/iblock/3e5/fm2zcxhkjs5wxpnfjs7bgnmxpfxe8cdy.svg:0
[   79437ms] [ERROR] Failed to load resource: net::ERR_NETWORK_CHANGED @ https://api.mosokna.ru/upload/iblock/b1f/dmoqmap62uy8kmo38hxzaw9ujwvpz5hw.svg:0
[   79437ms] [ERROR] Failed to load resource: net::ERR_NETWORK_CHANGED @ https://api.mosokna.ru/upload/iblock/ea4/6cmqbqe1m8l7tcx97zqqx3lbeard489r.svg:0
[   79437ms] [ERROR] Failed to load resource: net::ERR_NETWORK_CHANGED @ https://api.mosokna.ru/upload/iblock/66f/sj3c4iyy7cicd2nhqgpjkflb2n4730t1.svg:0
[   79437ms] [ERROR] Failed to load resource: net::ERR_NETWORK_CHANGED @ https://api.mosokna.ru/upload/iblock/31b/f50l89r0u3umxoaq1g6mkfz6frug2osy.svg:0
[   79437ms] [ERROR] Failed to load resource: net::ERR_NETWORK_CHANGED @ https://api.mosokna.ru/upload/iblock/408/ilyhjmdidwaxvibwu8pdog635zj7wcgs.svg:0
[   79437ms] [ERROR] Failed to load resource: net::ERR_NETWORK_CHANGED @ https://api.mosokna.ru/upload/iblock/df6/73np2e0c4niv3hu3okcnxszrsr8wrccd.svg:0
[   79437ms] [ERROR] Failed to load resource: net::ERR_NETWORK_CHANGED @ https://www.mosokna.ru/_next/image?url=https%3A%2F%2Fapi.mosokna.ru%2Fupload%2Fiblock%2Fbf9%2F7mckkpvp3zn6oj09an3m2vexw78licrw.png&w=1920&q=75:0
[   79437ms] [ERROR] Failed to load resource: net::ERR_NETWORK_CHANGED @ https://www.mosokna.ru/_next/image?url=https%3A%2F%2Fapi.mosokna.ru%2Fupload%2Fiblock%2Fcf8%2Fnrvn8h125ubratvkduhcz1n8w3k7qy2h.webp&w=384&q=75:0
[   79437ms] [ERROR] Failed to load resource: net::ERR_NETWORK_CHANGED @ https://www.mosokna.ru/_next/image?url=https%3A%2F%2Fapi.mosokna.ru%2Fupload%2Fiblock%2Fe14%2F78zzq84dpr3aek0yxxp2b5mh0e92e0ir.webp&w=384&q=75:0
[   79437ms] [ERROR] Failed to load resource: net::ERR_NETWORK_CHANGED @ https://www.mosokna.ru/_next/image?url=https%3A%2F%2Fapi.mosokna.ru%2Fupload%2Fiblock%2F0e5%2Fzjb2yvgvhqcnsc0rqp7ucqmyan19fl8w%2Fbg.png&w=1920&q=75:0
[   79438ms] [ERROR] Failed to load resource: net::ERR_NETWORK_CHANGED @ https://www.mosokna.ru/_next/static/media/c6be782bd9fa49b5-s.p.woff2:0
[   79438ms] [ERROR] Failed to load resource: net::ERR_NETWORK_CHANGED @ https://www.mosokna.ru/_next/static/media/d14e92c1735b7408-s.p.woff2:0
[   79438ms] [ERROR] Failed to load resource: net::ERR_NETWORK_CHANGED @ https://www.mosokna.ru/_next/static/media/e387eee5be790cc5-s.p.woff2:0
[   79438ms] [ERROR] Failed to load resource: net::ERR_NETWORK_CHANGED @ https://www.mosokna.ru/_next/static/media/f0063ff38a678e32-s.p.woff2:0
[   79438ms] [ERROR] Failed to load resource: net::ERR_NETWORK_CHANGED @ https://www.mosokna.ru/img/menu/dropdown.svg:0
[   79438ms] [ERROR] Failed to load resource: net::ERR_NETWORK_CHANGED @ https://www.mosokna.ru/img/menu/arrow-top.svg:0
[   79438ms] [ERROR] Failed to load resource: net::ERR_NETWORK_CHANGED @ https://www.mosokna.ru/assets/img/icons/chevron-up-gray.svg:0
[   79438ms] [ERROR] Failed to load resource: net::ERR_NETWORK_CHANGED @ https://www.mosokna.ru/assets/img/icons/chevron-down-gray.svg:0
[   79438ms] [ERROR] Failed to load resource: net::ERR_NETWORK_CHANGED @ https://www.mosokna.ru/_next/image?url=https%3A%2F%2Fapi.mosokna.ru%2Fupload%2Fiblock%2Fe5b%2Fgjwvdhhfyjq6afvdyunje3vubi1priqw.jpg&w=128&q=75:0
[   79438ms] [ERROR] Failed to load resource: net::ERR_NETWORK_CHANGED @ https://www.mosokna.ru/_next/image?url=https%3A%2F%2Fapi.mosokna.ru%2Fupload%2Fiblock%2F15d%2F98zehpdu8olz1mjug2rp7x0f7kfyx3w5.jpg&w=128&q=75:0
[   79438ms] [ERROR] Failed to load resource: net::ERR_NETWORK_CHANGED @ https://www.mosokna.ru/_next/image?url=https%3A%2F%2Fapi.mosokna.ru%2Fupload%2Fiblock%2Fb7a%2Fmgnh1kuf0w4ar1nsagcok7y2vnjcfbj5.jpg&w=128&q=75:0
[   79438ms] [ERROR] Failed to load resource: net::ERR_NETWORK_CHANGED @ https://www.mosokna.ru/_next/image?url=https%3A%2F%2Fapi.mosokna.ru%2Fupload%2Fiblock%2F83e%2F9sf55lkf5rr5l0s3dd4udmn22d3dl5fc.jpg&w=128&q=75:0
[   79438ms] [ERROR] Failed to load resource: net::ERR_NETWORK_CHANGED @ https://www.mosokna.ru/_next/image?url=https%3A%2F%2Fapi.mosokna.ru%2Fupload%2Fiblock%2Fe22%2Fznjuy4su7xrqlvmc9vxl8k89l0dm95rk%2Fpopup_cat.png&w=640&q=75:0
[   79438ms] [ERROR] Failed to load resource: net::ERR_NETWORK_CHANGED @ https://www.mosokna.ru/assets/img/icons/chevron.svg:0
[   79438ms] [ERROR] Failed to load resource: net::ERR_NETWORK_CHANGED @ https://www.mosokna.ru/_next/image?url=https%3A%2F%2Fapi.mosokna.ru%2Fupload%2Fiblock%2F0a6%2Fzqdwad4o76kjfgdg6a4u8f0iw5psmxaf%2Fkot-s-telefonom-i-kalkulyatorom_2.png&w=750&q=75:0
[   79438ms] [ERROR] Failed to load resource: net::ERR_NETWORK_CHANGED @ https://www.mosokna.ru/_next/static/media/icon-location.8b225ce2.svg:0
[   79439ms] [ERROR] Failed to load resource: net::ERR_NETWORK_CHANGED @ https://www.mosokna.ru/_next/static/media/icon-question.1265f7ca.svg:0
[   79439ms] [ERROR] Failed to load resource: net::ERR_NETWORK_CHANGED @ https://www.mosokna.ru/_next/image?url=%2Fassets%2Fimg%2Fcontent%2Fbalkony%2Flogo.webp&w=640&q=75:0
[   79439ms] [ERROR] Failed to load resource: net::ERR_NETWORK_CHANGED @ https://www.mosokna.ru/_next/image?url=https%3A%2F%2Fapi.mosokna.ru%2Fupload%2Fiblock%2Fd60%2Fw995xafowl0vi323gqdi0cjrx1rht49s%2F1.png&w=256&q=75:0
[   79439ms] [ERROR] Failed to load resource: net::ERR_NETWORK_CHANGED @ https://www.mosokna.ru/_next/image?url=https%3A%2F%2Fapi.mosokna.ru%2Fupload%2Fiblock%2F45b%2Fnd950xd303y39brmogsy2fuinsej1vvs%2F2.png&w=256&q=75:0
[   79439ms] [ERROR] Failed to load resource: net::ERR_NETWORK_CHANGED @ https://www.mosokna.ru/_next/image?url=https%3A%2F%2Fapi.mosokna.ru%2Fupload%2Fiblock%2F9eb%2F6fw20ujicusgpt0gj1bdp21jfuld4e57%2F3.png&w=256&q=75:0
[   79439ms] [ERROR] Failed to load resource: net::ERR_NETWORK_CHANGED @ https://www.mosokna.ru/_next/static/chunks/webpack-3616bf5f6ae64c04.js:0
[   79439ms] [ERROR] Failed to load resource: net::ERR_NETWORK_CHANGED @ https://www.mosokna.ru/_next/static/chunks/4bd1b696-70766e75de8d31b9.js:0
[   79439ms] [ERROR] Failed to load resource: net::ERR_NETWORK_CHANGED @ https://www.mosokna.ru/_next/static/chunks/15964-b2d2b2e1ef2b00fe.js:0
[   79439ms] [ERROR] Failed to load resource: net::ERR_NETWORK_CHANGED @ https://www.mosokna.ru/_next/static/chunks/main-app-44dc14bfa6e7e59c.js:0
[   79439ms] [ERROR] Failed to load resource: net::ERR_NETWORK_CHANGED @ https://www.mosokna.ru/_next/static/chunks/75992-adec8af170b250e9.js:0
[   79439ms] [ERROR] Failed to load resource: net::ERR_NETWORK_CHANGED @ https://www.mosokna.ru/_next/static/chunks/24663-62f8d50a0cc96031.js:0
[   79439ms] [ERROR] Failed to load resource: net::ERR_NETWORK_CHANGED @ https://www.mosokna.ru/_next/static/chunks/14313-ef72a5413e76ad40.js:0
[   79439ms] [ERROR] Failed to load resource: net::ERR_NETWORK_CHANGED @ https://www.mosokna.ru/_next/static/chunks/19212-230967627760e609.js:0
[   79439ms] [ERROR] Failed to load resource: net::ERR_NETWORK_CHANGED @ https://www.mosokna.ru/_next/static/chunks/71107-96ce2a9774c22067.js:0
[   79439ms] [ERROR] Failed to load resource: net::ERR_NETWORK_CHANGED @ https://www.mosokna.ru/_next/static/chunks/26761-c013b9405e824c49.js:0
[   79439ms] [ERROR] Failed to load resource: net::ERR_NETWORK_CHANGED @ https://www.mosokna.ru/_next/static/chunks/17333-3fbfb584db51c187.js:0
[   79439ms] [ERROR] Failed to load resource: net::ERR_NETWORK_CHANGED @ https://www.mosokna.ru/_next/static/chunks/app/layout-e0a99261d3f9cbfd.js:0
[   79440ms] [ERROR] Failed to load resource: net::ERR_NETWORK_CHANGED @ https://www.mosokna.ru/_next/static/chunks/27677-8818c6b9870a0159.js:0
[   79440ms] [ERROR] Failed to load resource: net::ERR_NETWORK_CHANGED @ https://www.mosokna.ru/_next/image?url=https%3A%2F%2Fapi.mosokna.ru%2Fupload%2Fiblock%2F5ce%2Fnz9iktym3ec44h0jd6ty6lpczviqs3m2%2F4.png&w=256&q=75:0
[   79440ms] [ERROR] Failed to load resource: net::ERR_NETWORK_CHANGED @ https://www.mosokna.ru/_next/image?url=https%3A%2F%2Fapi.mosokna.ru%2Fupload%2Fiblock%2Fd60%2Fw995xafowl0vi323gqdi0cjrx1rht49s%2F1.png&w=640&q=75:0
[   79440ms] [ERROR] Failed to load resource: net::ERR_NETWORK_CHANGED @ https://www.mosokna.ru/_next/static/chunks/97469-8506c65b7a38a676.js:0
[   79440ms] [ERROR] Failed to load resource: net::ERR_NETWORK_CHANGED @ https://www.mosokna.ru/_next/static/chunks/66947-c51251049e6d365b.js:0
[   79440ms] [ERROR] Failed to load resource: net::ERR_NETWORK_CHANGED @ https://www.mosokna.ru/_next/static/chunks/13561-6b99e3d8e9f23ffa.js:0
[   79440ms] [ERROR] Failed to load resource: net::ERR_NETWORK_CHANGED @ https://www.mosokna.ru/_next/static/chunks/app/kalkulator/page-940f030fe2ae9a21.js:0
[   79440ms] [ERROR] Failed to load resource: net::ERR_NETWORK_CHANGED @ https://www.mosokna.ru/_next/image?url=https%3A%2F%2Fapi.mosokna.ru%2Fupload%2Fiblock%2Fe21%2F13e21udds57hmsbvupqmqjgtuqpgq4uf%2FcornerCat.webp&w=256&q=75:0
[   79440ms] [ERROR] Failed to load resource: net::ERR_NETWORK_CHANGED @ https://www.mosokna.ru/assets/img/icons/telegram-logo.svg:0
[   79440ms] [ERROR] Failed to load resource: net::ERR_NETWORK_CHANGED @ https://www.mosokna.ru/assets/img/icons/arrow-up.svg:0
[   79440ms] [ERROR] Failed to load resource: net::ERR_NETWORK_CHANGED @ https://api.mosokna.ru/upload/iblock/a1d/219xqi6xbavhfbwls08me3pqmk5bpk2y/dar_logo_top.svg:0
[   79440ms] [ERROR] Failed to load resource: net::ERR_NETWORK_CHANGED @ https://api.mosokna.ru/upload/iblock/824/1k0hmdvse16lfhnw0oq1ud0h4rrgq2eg.svg:0
[   79440ms] [ERROR] Failed to load resource: net::ERR_NETWORK_CHANGED @ https://api.mosokna.ru/upload/iblock/cae/tuk3lknx15uukh0sg3hys8l47dyxmlog.svg:0
[   79440ms] [ERROR] Failed to load resource: net::ERR_NETWORK_CHANGED @ https://api.mosokna.ru/upload/iblock/5c2/zrguona42ose9xx13jvsvx0dtxswqppi.svg:0
[   79440ms] [ERROR] Failed to load resource: net::ERR_NETWORK_CHANGED @ https://api.mosokna.ru/upload/iblock/64c/zok20602eek4k0d6wxxrsmqgbah8fea6.svg:0
[   79440ms] [ERROR] Failed to load resource: net::ERR_NETWORK_CHANGED @ https://api.mosokna.ru/upload/iblock/ca1/rtq3swqpt1aju8889wdzor39smtalzfu.svg:0
[   79440ms] [ERROR] Failed to load resource: net::ERR_NETWORK_CHANGED @ https://api.mosokna.ru/upload/iblock/36d/xztpwzzotwaxgwsglpaulydjyxda6tns.svg:0
[   79440ms] [ERROR] Failed to load resource: net::ERR_NETWORK_CHANGED @ https://api.mosokna.ru/upload/iblock/e15/z22u5ljn9r0xnobbws3lncd87svn3hjx.svg:0
[   79440ms] [ERROR] Failed to load resource: net::ERR_NETWORK_CHANGED @ https://api.mosokna.ru/upload/iblock/26c/b84kbua8ht19xnav15psap52f9ph2tuy.svg:0
[   79440ms] [ERROR] Failed to load resource: net::ERR_NETWORK_CHANGED @ https://api.mosokna.ru/upload/iblock/5a9/g3t9kdjjfdpzpadvmpq69xlhzqx3fkv4.svg:0
[   79441ms] [ERROR] Failed to load resource: net::ERR_NETWORK_CHANGED @ https://api.mosokna.ru/upload/iblock/a65/9lc31j1xxvkawe0p2ocwjj1ry1ks3mtn.svg:0
[   79441ms] [ERROR] Failed to load resource: net::ERR_NETWORK_CHANGED @ https://api.mosokna.ru/upload/iblock/e56/j22mw3wiovwuottuq901adv9k0a663rj.svg:0
[   79441ms] [ERROR] Failed to load resource: net::ERR_NETWORK_CHANGED @ https://api.mosokna.ru/upload/iblock/a02/esbrue3ukfifo3fqizrbooth0fswt9sf.svg:0
[   79441ms] [ERROR] Failed to load resource: net::ERR_NETWORK_CHANGED @ https://api.mosokna.ru/upload/uf/ca5/444pafodjq08uioy568vrq0oz6h236ox.svg:0
[   79441ms] [ERROR] Failed to load resource: net::ERR_NETWORK_CHANGED @ https://api.mosokna.ru/upload/iblock/949/38wdg3o2lz31fja349ingbq1hhvpt76i/balcony.svg:0
[   79441ms] [ERROR] Failed to load resource: net::ERR_NETWORK_CHANGED @ https://api.mosokna.ru/upload/iblock/3e2/a9ib6fczga4ofp211l5iy70fioc1ulyi.svg:0
[   79441ms] [ERROR] Failed to load resource: net::ERR_NETWORK_CHANGED @ https://api.mosokna.ru/upload/iblock/e58/qey5aqvqh687tsd9syfn9bh3tkls3jxb.svg:0
[   79441ms] [ERROR] Failed to load resource: net::ERR_NETWORK_CHANGED @ https://api.mosokna.ru/upload/uf/592/ei377xapcgruhzbs5fhh5mo9qniiahqv.svg:0
[   79441ms] [ERROR] Failed to load resource: net::ERR_NETWORK_CHANGED @ https://api.mosokna.ru/upload/uf/faf/xo76mf6up8de4f99l0aus4tvtq9xknwa.svg:0
[   79441ms] [ERROR] Failed to load resource: net::ERR_NETWORK_CHANGED @ https://api.mosokna.ru/upload/iblock/483/z1jv2kfcy7e8msbjjis0i3636e7f7mvb.svg:0
[   79441ms] [ERROR] Failed to load resource: net::ERR_NETWORK_CHANGED @ https://api.mosokna.ru/upload/iblock/c5c/ua0sgvxn2yjomuu3e7qbs2nt5rycwqp6.svg:0
[   79447ms] [ERROR] Failed to load resource: net::ERR_NETWORK_CHANGED @ https://api.mosokna.ru/upload/uf/255/pimkuagltwmech7u21k49cb0prkdsnj7/panoramic_windows_fill.svg:0
[   79447ms] [ERROR] Failed to load resource: net::ERR_NETWORK_CHANGED @ https://api.mosokna.ru/upload/iblock/e3c/q1ig79ameye90ku9z4x2d6nabl9gpvsb.svg:0
[   79447ms] [ERROR] Failed to load resource: net::ERR_NETWORK_CHANGED @ https://api.mosokna.ru/upload/iblock/165/4nvf6sh892m1nim7gdu7rm21jclqu892.svg:0
[   79447ms] [ERROR] Failed to load resource: net::ERR_NETWORK_CHANGED @ https://api.mosokna.ru/upload/iblock/5bf/dnq0sv9n0fuqli8izhjna3ojoq3cg2uk.svg:0
[   79447ms] [ERROR] Failed to load resource: net::ERR_NETWORK_CHANGED @ https://api.mosokna.ru/upload/iblock/b52/zg44q41oxjsshh4mmc61sht3x3k253ze.svg:0
[   79447ms] [ERROR] Failed to load resource: net::ERR_NETWORK_CHANGED @ https://api.mosokna.ru/upload/iblock/924/xo9ubtg5s2od3fr5orxm63dxcn1i5oi9.svg:0
[   79447ms] [ERROR] Failed to load resource: net::ERR_NETWORK_CHANGED @ https://api.mosokna.ru/upload/iblock/f0a/ie1zwlfrx2m95gnm1n4a9klp3qe3wk8j.svg:0
[   79447ms] [ERROR] Failed to load resource: net::ERR_NETWORK_CHANGED @ https://api.mosokna.ru/upload/iblock/dfa/63wdn56k76g2n241jfuoeu06613ulgs7.svg:0
[   79447ms] [ERROR] Failed to load resource: net::ERR_NETWORK_CHANGED @ https://api.mosokna.ru/upload/uf/e5a/ectuvcb5v0b1i0p28cdo08vk780lrar3.svg:0
[   79447ms] [ERROR] Failed to load resource: net::ERR_NETWORK_CHANGED @ https://api.mosokna.ru/upload/iblock/fce/jvu5615l1a573p9y8lcgjibhj8oyebow.svg:0
[   79447ms] [ERROR] Failed to load resource: net::ERR_NETWORK_CHANGED @ https://api.mosokna.ru/upload/iblock/679/qj9e69nw69lgxazu3o3m1gnemnulofk5.svg:0
[   79447ms] [ERROR] Failed to load resource: net::ERR_NETWORK_CHANGED @ https://api.mosokna.ru/upload/iblock/149/h52zwrmgkvfwu9c72brr4lg6ffppg0o7.svg:0
[   79448ms] [ERROR] Failed to load resource: net::ERR_NETWORK_CHANGED @ https://api.mosokna.ru/upload/iblock/a9f/rweash3hgkrvq0p20v115f1uhr7h3akx.svg:0
[   79448ms] [ERROR] Failed to load resource: net::ERR_NETWORK_CHANGED @ https://api.mosokna.ru/upload/iblock/ea4/934i1difh20jxpqdmncmawwc4pbdffnl.svg:0
[   79448ms] [ERROR] Failed to load resource: net::ERR_NETWORK_CHANGED @ https://api.mosokna.ru/upload/iblock/604/hy3h6xipfd0d930raahvyaqyq8jstjbr.svg:0
[   79448ms] [ERROR] Failed to load resource: net::ERR_NETWORK_CHANGED @ https://api.mosokna.ru/upload/iblock/de7/mm471ctt6umqgkmieg391tjnjblz3876.svg:0
[   79448ms] [ERROR] Failed to load resource: net::ERR_NETWORK_CHANGED @ https://api.mosokna.ru/upload/iblock/332/iwfqg2mhz6lj3fhjkucf9a7u6fbnd16r.svg:0
[   79448ms] [ERROR] Failed to load resource: net::ERR_NETWORK_CHANGED @ https://api.mosokna.ru/upload/iblock/215/qkowakctr911i2idft5xzvd01vg7k19s/kvartiri.svg:0
[   79448ms] [ERROR] Failed to load resource: net::ERR_NETWORK_CHANGED @ https://api.mosokna.ru/upload/iblock/60e/14uzt8hmlm53szeeme3xxj08h5bc3kep.svg:0
[   79448ms] [ERROR] Failed to load resource: net::ERR_NETWORK_CHANGED @ https://api.mosokna.ru/upload/iblock/d23/mbhmwvheu5ciq7o14ng6q1xjlksd44z1.svg:0
[   79448ms] [ERROR] Failed to load resource: net::ERR_NETWORK_CHANGED @ https://api.mosokna.ru/upload/iblock/77e/5d1c5og996btz6iyywiyilmfz2fim7i8.svg:0
[   79448ms] [ERROR] Failed to load resource: net::ERR_NETWORK_CHANGED @ https://api.mosokna.ru/upload/iblock/f77/tj4icwdu091x0aih848dbiytveuryss4.svg:0
[   79448ms] [ERROR] Failed to load resource: net::ERR_NETWORK_CHANGED @ https://api.mosokna.ru/upload/iblock/7f7/5vepsrpj15htpcpg5yzvssi73ujhy8fj.svg:0
[   79448ms] [ERROR] Failed to load resource: net::ERR_NETWORK_CHANGED @ https://api.mosokna.ru/upload/uf/e43/6352zqr28btwqqld19ldj2i44p62p8xg.svg:0
[   79448ms] [ERROR] Failed to load resource: net::ERR_NETWORK_CHANGED @ https://api.mosokna.ru/upload/iblock/a89/1rtmwy0qjgviwmko4vbtg6kc0o79objp.svg:0
[   82454ms] [WARNING] The resource https://app.uiscom.ru/static/cs.min.js?k=yfQVBv4zRk4MtMY1Pp4lNpgagLfDunWI was preloaded using link preload but not used within a few seconds from the window's load event. Please make sure it has an appropriate `as` value and it is preloaded intentionally. @ https://www.mosokna.ru/kalkulator:0
[   85145ms] [ERROR] Failed to load resource: net::ERR_NETWORK_CHANGED @ https://www.mosokna.ru/favicon.ico:0
[   88146ms] [WARNING] The resource https://app.uiscom.ru/static/cs.min.js?k=yfQVBv4zRk4MtMY1Pp4lNpgagLfDunWI was preloaded using link preload but not used within a few seconds from the window's load event. Please make sure it has an appropriate `as` value and it is preloaded intentionally. @ https://www.mosokna.ru/kalkulator:0
